2014-04-11 01:33:53,494 INFO  - Run Executor 
2014-04-11 01:33:54,185 INFO  - 1: AZDBLAB_XACT 
2014-04-11 01:33:54,185 INFO  - 0: User Specify Connecting Parameters 
2014-04-11 01:33:54,186 INFO  - Q: Quit 
2014-04-11 01:33:54,186 INFO  - Please Select an Option: [1] 
2014-04-11 01:33:58,521 INFO  - Checking running executors for 'teradata' ... 
2014-04-11 01:33:58,539 INFO  - Checking running other DBMSes except 'teradata' ... 
2014-04-11 01:33:58,549 INFO  - Checking running executors for 'mysql' ... 
2014-04-11 01:33:58,559 INFO  - Checking running other DBMSes except 'mysql' ... 
2014-04-11 01:33:58,569 INFO  - Checking running executors for 'pgsql' ... 
2014-04-11 01:33:58,581 INFO  - Checking running other DBMSes except 'pgsql' ... 
2014-04-11 01:33:58,621 INFO  - Checking running executors for 'oracle' ... 
2014-04-11 01:33:58,636 INFO  - Checking running other DBMSes except 'oracle' ... 
2014-04-11 01:33:58,649 INFO  - Checking running executors for 'sqlserver' ... 
2014-04-11 01:33:58,660 INFO  - Checking running other DBMSes except 'sqlserver' ... 
2014-04-11 01:33:58,671 INFO  - Checking running executors for 'db2' ... 
2014-04-11 01:33:58,727 INFO  - Checking running other DBMSes except 'db2' ... 
2014-04-11 01:33:58,775 INFO  - Checking if 'derby' is running ...  
2014-04-11 01:33:58,810 INFO  - 	 => 'derby' is not running ...  
2014-04-11 01:33:58,811 INFO  - 	 => Start 'derby'  
2014-04-11 01:33:58,811 INFO  - ./start_dbms.sh derby daemon_turnoff 
2014-04-11 01:33:58,823 INFO  - Waiting for 5 seconds for the startup ... 
2014-04-11 01:34:04,890 INFO  - insert statement for labshelf: INSERT INTO AZDBLAB_EXECUTORLOG(MachineName, DBMSName, TransactionTime, CurrentStatus, Command) VALUES ('sodb3.cs.arizona.edu', 'javadb', to_timestamp('Fri, Apr 11 2014 01:34:04:890', 'DY, MON DD YYYY HH24:MI:SS:FF'), 'Running', 'Run') 
2014-04-11 01:34:05,111 INFO  - Beginning Log 
