2014-04-11 01:32:59,391 INFO  - Run Executor 
2014-04-11 01:33:00,228 INFO  - 1: AZDBLAB_XACT 
2014-04-11 01:33:00,228 INFO  - 0: User Specify Connecting Parameters 
2014-04-11 01:33:00,228 INFO  - Q: Quit 
2014-04-11 01:33:00,228 INFO  - Please Select an Option: [1] 
2014-04-11 01:33:07,455 INFO  - Checking running executors for 'teradata' ... 
2014-04-11 01:33:07,473 INFO  - Checking running other DBMSes except 'teradata' ... 
2014-04-11 01:33:07,483 INFO  - Checking running executors for 'mysql' ... 
2014-04-11 01:33:07,493 INFO  - Checking running other DBMSes except 'mysql' ... 
2014-04-11 01:33:07,503 INFO  - Checking running executors for 'pgsql' ... 
2014-04-11 01:33:07,516 INFO  - Checking running other DBMSes except 'pgsql' ... 
2014-04-11 01:33:07,552 INFO  - Checking running executors for 'oracle' ... 
2014-04-11 01:33:07,564 INFO  - Checking running other DBMSes except 'oracle' ... 
2014-04-11 01:33:07,578 INFO  - Checking running executors for 'sqlserver' ... 
2014-04-11 01:33:07,589 INFO  - Checking running other DBMSes except 'sqlserver' ... 
2014-04-11 01:33:07,600 INFO  - Checking running executors for 'db2' ... 
2014-04-11 01:33:07,611 INFO  - Checking running other DBMSes except 'db2' ... 
2014-04-11 01:33:07,657 INFO  - Checking if 'derby' is running ...  
2014-04-11 01:33:07,670 INFO  - 	 => 'derby' is not running ...  
2014-04-11 01:33:07,670 INFO  - 	 => Start 'derby'  
2014-04-11 01:33:07,670 INFO  - ./start_dbms.sh derby daemon_turnoff 
2014-04-11 01:33:07,672 INFO  - Waiting for 5 seconds for the startup ... 
2014-04-11 01:33:14,038 INFO  - insert statement for labshelf: INSERT INTO AZDBLAB_EXECUTORLOG(MachineName, DBMSName, TransactionTime, CurrentStatus, Command) VALUES ('sodb3.cs.arizona.edu', 'javadb', to_timestamp('Fri, Apr 11 2014 01:33:14:037', 'DY, MON DD YYYY HH24:MI:SS:FF'), 'Running', 'Run') 
2014-04-11 01:33:14,500 INFO  - Beginning Log 
